<title>百度一下，你就知道</title>
<title>新浪首页</title>
<title>网易</title>
<title>【荆门赶集网】-免费发布信息-荆门分类信息门户</title>
<title>58同城 - 中国第一分类信息网站|免费发布信息</title>
<title>优酷-中国领先视频网站,提供视频播放,视频发布,视频搜索 - 优酷视频</title>
<title>土豆_每个人都是生活的导演_在线视频观看,原创视频上传,海量视频搜索</title>
<title>GitHub · Build software better, together.</title>
<title>Stack Overflow</title>
<title>SourceForge - Download, Develop and Publish Free Open Source Software</title>
<title>京东网上商城-综合网购首选（JD.COM）-正品低价、品质保障、货到付款、配送及时、放心服务、轻松购物！</title>
<title>百度一下，你就知道</title>
<title>京东网上商城-综合网购首选（JD.COM）-正品低价、品质保障、货到付款、配送及时、放心服务、轻松购物！</title>
<title>网易</title>
<title>58同城 - 中国第一分类信息网站|免费发布信息</title>
<title>【荆门赶集网】-免费发布信息-荆门分类信息门户</title>
<title>新浪首页</title>
<title>优酷-中国领先视频网站,提供视频播放,视频发布,视频搜索 - 优酷视频</title>
<title>土豆_每个人都是生活的导演_在线视频观看,原创视频上传,海量视频搜索</title>
<title>SourceForge - Download, Develop and Publish Free Open Source Software</title>
<title>GitHub · Build software better, together.</title>
<title>Stack Overflow</title>
<title>百度一下，你就知道</title>
<title>京东网上商城-综合网购首选（JD.COM）-正品低价、品质保障、货到付款、配送及时、放心服务、轻松购物！</title>
<title>58同城 - 中国第一分类信息网站|免费发布信息</title>
<title>【荆门赶集网】-免费发布信息-荆门分类信息门户</title>
<title>网易</title>
<title>新浪首页</title>
<title>土豆_每个人都是生活的导演_在线视频观看,原创视频上传,海量视频搜索</title>
<title>优酷-中国领先视频网站,提供视频播放,视频发布,视频搜索 - 优酷视频</title>
<title>SourceForge - Download, Develop and Publish Free Open Source Software</title>
<title>GitHub · Build software better, together.</title>
<title>Stack Overflow</title>
<title>百度一下，你就知道</title>
<title>新浪首页</title>
<title>网易</title>
<title>【荆门赶集网】-免费发布信息-荆门分类信息门户</title>
<title>58同城 - 中国第一分类信息网站|免费发布信息</title>
<title>优酷-中国领先视频网站,提供视频播放,视频发布,视频搜索 - 优酷视频</title>
<title>土豆_每个人都是生活的导演_在线视频观看,原创视频上传,海量视频搜索</title>
<title>GitHub · Build software better, together.</title>
<title>Stack Overflow</title>
<title>SourceForge - Download, Develop and Publish Free Open Source Software</title>
<title>京东网上商城-综合网购首选（JD.COM）-正品低价、品质保障、货到付款、配送及时、放心服务、轻松购物！</title>
